<?xml version="1.0" encoding="UTF-8"?>
<testng-results ignored="0" total="10" passed="8" failed="2" skipped="0">
  <reporter-output>
  </reporter-output>
  <suite started-at="2022-10-10T15:16:18 IST" name="Suite" finished-at="2022-10-10T15:16:50 IST" duration-ms="31611">
    <groups>
    </groups>
    <test started-at="2022-10-10T15:16:18 IST" name="Test" finished-at="2022-10-10T15:16:50 IST" duration-ms="31611">
      <class name="FlipkartPackage.FlipkartTest">
        <test-method is-config="true" signature="setUpTest()[pri:0, instance:FlipkartPackage.FlipkartTest@49a71302]" started-at="2022-10-10T15:16:18 IST" name="setUpTest" finished-at="2022-10-10T15:16:40 IST" duration-ms="22463" status="PASS">
          <reporter-output>
          </reporter-output>
        </test-method> <!-- setUpTest -->
        <test-method signature="t0_CheckLoginTest()[pri:0, instance:FlipkartPackage.FlipkartTest@49a71302]" started-at="2022-10-10T15:16:40 IST" name="t0_CheckLoginTest" finished-at="2022-10-10T15:16:41 IST" duration-ms="369" status="PASS">
          <reporter-output>
          </reporter-output>
        </test-method> <!-- t0_CheckLoginTest -->
        <test-method signature="t1_CheckUsernameField()[pri:0, instance:FlipkartPackage.FlipkartTest@49a71302]" started-at="2022-10-10T15:16:41 IST" name="t1_CheckUsernameField" finished-at="2022-10-10T15:16:41 IST" duration-ms="76" status="PASS">
          <reporter-output>
          </reporter-output>
        </test-method> <!-- t1_CheckUsernameField -->
        <test-method signature="t2_CheckPasswordField()[pri:0, instance:FlipkartPackage.FlipkartTest@49a71302]" started-at="2022-10-10T15:16:41 IST" name="t2_CheckPasswordField" finished-at="2022-10-10T15:16:41 IST" duration-ms="80" status="PASS">
          <reporter-output>
          </reporter-output>
        </test-method> <!-- t2_CheckPasswordField -->
        <test-method signature="t3_ClickCloseButton()[pri:0, instance:FlipkartPackage.FlipkartTest@49a71302]" started-at="2022-10-10T15:16:41 IST" name="t3_ClickCloseButton" finished-at="2022-10-10T15:16:41 IST" duration-ms="343" status="PASS">
          <reporter-output>
          </reporter-output>
        </test-method> <!-- t3_ClickCloseButton -->
        <test-method signature="t4_VerifyTopCategories()[pri:0, instance:FlipkartPackage.FlipkartTest@49a71302]" started-at="2022-10-10T15:16:41 IST" name="t4_VerifyTopCategories" finished-at="2022-10-10T15:16:43 IST" duration-ms="1686" status="FAIL">
          <exception class="java.lang.AssertionError">
            <full-stacktrace>
              <![CDATA[java.lang.AssertionError
at FlipkartPackage.FlipkartTest.t4_VerifyTopCategories(FlipkartTest.java:149)
at java.base/jdk.internal.reflect.NativeMethodAccessorImpl.invoke0(Native Method)
at java.base/jdk.internal.reflect.NativeMethodAccessorImpl.invoke(NativeMethodAccessorImpl.java:77)
at java.base/jdk.internal.reflect.DelegatingMethodAccessorImpl.invoke(DelegatingMethodAccessorImpl.java:43)
at java.base/java.lang.reflect.Method.invoke(Method.java:568)
at org.testng.internal.invokers.MethodInvocationHelper.invokeMethod(MethodInvocationHelper.java:139)
at org.testng.internal.invokers.TestInvoker.invokeMethod(TestInvoker.java:677)
at org.testng.internal.invokers.TestInvoker.invokeTestMethod(TestInvoker.java:221)
at org.testng.internal.invokers.MethodRunner.runInSequence(MethodRunner.java:50)
at org.testng.internal.invokers.TestInvoker$MethodInvocationAgent.invoke(TestInvoker.java:962)
at org.testng.internal.invokers.TestInvoker.invokeTestMethods(TestInvoker.java:194)
at org.testng.internal.invokers.TestMethodWorker.invokeTestMethods(TestMethodWorker.java:148)
at org.testng.internal.invokers.TestMethodWorker.run(TestMethodWorker.java:128)
at java.base/java.util.ArrayList.forEach(ArrayList.java:1511)
at org.testng.TestRunner.privateRun(TestRunner.java:806)
at org.testng.TestRunner.run(TestRunner.java:601)
at org.testng.SuiteRunner.runTest(SuiteRunner.java:433)
at org.testng.SuiteRunner.runSequentially(SuiteRunner.java:427)
at org.testng.SuiteRunner.privateRun(SuiteRunner.java:387)
at org.testng.SuiteRunner.run(SuiteRunner.java:330)
at org.testng.SuiteRunnerWorker.runSuite(SuiteRunnerWorker.java:52)
at org.testng.SuiteRunnerWorker.run(SuiteRunnerWorker.java:95)
at org.testng.TestNG.runSuitesSequentially(TestNG.java:1256)
at org.testng.TestNG.runSuitesLocally(TestNG.java:1176)
at org.testng.TestNG.runSuites(TestNG.java:1099)
at org.testng.TestNG.run(TestNG.java:1067)
at org.testng.remote.AbstractRemoteTestNG.run(AbstractRemoteTestNG.java:115)
at org.testng.remote.RemoteTestNG.initAndRun(RemoteTestNG.java:251)
at org.testng.remote.RemoteTestNG.main(RemoteTestNG.java:77)
]]>
            </full-stacktrace>
          </exception> <!-- java.lang.AssertionError -->
          <reporter-output>
          </reporter-output>
        </test-method> <!-- t4_VerifyTopCategories -->
        <test-method signature="t5_ClickMobileCategory()[pri:0, instance:FlipkartPackage.FlipkartTest@49a71302]" started-at="2022-10-10T15:16:43 IST" name="t5_ClickMobileCategory" finished-at="2022-10-10T15:16:43 IST" duration-ms="57" status="PASS">
          <reporter-output>
          </reporter-output>
        </test-method> <!-- t5_ClickMobileCategory -->
        <test-method signature="t6_ClickFirstPhone()[pri:0, instance:FlipkartPackage.FlipkartTest@49a71302]" started-at="2022-10-10T15:16:43 IST" name="t6_ClickFirstPhone" finished-at="2022-10-10T15:16:43 IST" duration-ms="73" status="PASS">
          <reporter-output>
          </reporter-output>
        </test-method> <!-- t6_ClickFirstPhone -->
        <test-method signature="t7_CheckFilterTitle()[pri:0, instance:FlipkartPackage.FlipkartTest@49a71302]" started-at="2022-10-10T15:16:43 IST" name="t7_CheckFilterTitle" finished-at="2022-10-10T15:16:44 IST" duration-ms="997" status="PASS">
          <reporter-output>
          </reporter-output>
        </test-method> <!-- t7_CheckFilterTitle -->
        <test-method signature="t8_set_price()[pri:0, instance:FlipkartPackage.FlipkartTest@49a71302]" started-at="2022-10-10T15:16:44 IST" name="t8_set_price" finished-at="2022-10-10T15:16:44 IST" duration-ms="227" status="PASS">
          <reporter-output>
          </reporter-output>
        </test-method> <!-- t8_set_price -->
        <test-method signature="t9_ScrollAndFindNeedHelp()[pri:0, instance:FlipkartPackage.FlipkartTest@49a71302]" started-at="2022-10-10T15:16:44 IST" name="t9_ScrollAndFindNeedHelp" finished-at="2022-10-10T15:16:49 IST" duration-ms="5068" status="FAIL">
          <exception class="java.lang.AssertionError">
            <full-stacktrace>
              <![CDATA[java.lang.AssertionError
at FlipkartPackage.FlipkartTest.t9_ScrollAndFindNeedHelp(FlipkartTest.java:244)
at java.base/jdk.internal.reflect.NativeMethodAccessorImpl.invoke0(Native Method)
at java.base/jdk.internal.reflect.NativeMethodAccessorImpl.invoke(NativeMethodAccessorImpl.java:77)
at java.base/jdk.internal.reflect.DelegatingMethodAccessorImpl.invoke(DelegatingMethodAccessorImpl.java:43)
at java.base/java.lang.reflect.Method.invoke(Method.java:568)
at org.testng.internal.invokers.MethodInvocationHelper.invokeMethod(MethodInvocationHelper.java:139)
at org.testng.internal.invokers.TestInvoker.invokeMethod(TestInvoker.java:677)
at org.testng.internal.invokers.TestInvoker.invokeTestMethod(TestInvoker.java:221)
at org.testng.internal.invokers.MethodRunner.runInSequence(MethodRunner.java:50)
at org.testng.internal.invokers.TestInvoker$MethodInvocationAgent.invoke(TestInvoker.java:962)
at org.testng.internal.invokers.TestInvoker.invokeTestMethods(TestInvoker.java:194)
at org.testng.internal.invokers.TestMethodWorker.invokeTestMethods(TestMethodWorker.java:148)
at org.testng.internal.invokers.TestMethodWorker.run(TestMethodWorker.java:128)
at java.base/java.util.ArrayList.forEach(ArrayList.java:1511)
at org.testng.TestRunner.privateRun(TestRunner.java:806)
at org.testng.TestRunner.run(TestRunner.java:601)
at org.testng.SuiteRunner.runTest(SuiteRunner.java:433)
at org.testng.SuiteRunner.runSequentially(SuiteRunner.java:427)
at org.testng.SuiteRunner.privateRun(SuiteRunner.java:387)
at org.testng.SuiteRunner.run(SuiteRunner.java:330)
at org.testng.SuiteRunnerWorker.runSuite(SuiteRunnerWorker.java:52)
at org.testng.SuiteRunnerWorker.run(SuiteRunnerWorker.java:95)
at org.testng.TestNG.runSuitesSequentially(TestNG.java:1256)
at org.testng.TestNG.runSuitesLocally(TestNG.java:1176)
at org.testng.TestNG.runSuites(TestNG.java:1099)
at org.testng.TestNG.run(TestNG.java:1067)
at org.testng.remote.AbstractRemoteTestNG.run(AbstractRemoteTestNG.java:115)
at org.testng.remote.RemoteTestNG.initAndRun(RemoteTestNG.java:251)
at org.testng.remote.RemoteTestNG.main(RemoteTestNG.java:77)
]]>
            </full-stacktrace>
          </exception> <!-- java.lang.AssertionError -->
          <reporter-output>
          </reporter-output>
        </test-method> <!-- t9_ScrollAndFindNeedHelp -->
        <test-method is-config="true" signature="tearDownTest()[pri:0, instance:FlipkartPackage.FlipkartTest@49a71302]" started-at="2022-10-10T15:16:49 IST" name="tearDownTest" finished-at="2022-10-10T15:16:50 IST" duration-ms="103" status="PASS">
          <reporter-output>
          </reporter-output>
        </test-method> <!-- tearDownTest -->
      </class> <!-- FlipkartPackage.FlipkartTest -->
    </test> <!-- Test -->
  </suite> <!-- Suite -->
</testng-results>
